<?xml version="1.0" encoding="UTF-8"?>
<!-- Generated by org.testng.reporters.JUnitXMLReporter -->
<testsuite hostname="DESKTOP-LIJFJFH" ignored="0" name="Default test" tests="3" failures="0" timestamp="11 Feb 2020 05:51:46 GMT" time="30.738" errors="0">
  <testcase name="signon" time="3.053" classname="com.Newtours_testCases.NewToursTestCases"/>
  <testcase name="register" time="2.447" classname="com.Newtours_testCases.NewToursTestCases"/>
  <testcase name="findAFlightTest" time="2.077" classname="com.Newtours_testCases.NewToursTestCases"/>
</testsuite> <!-- Default test -->
