<?xml version="1.0" encoding="UTF-8"?>
<testng-results skipped="0" failed="0" ignored="0" total="1" passed="1">
  <reporter-output>
  </reporter-output>
  <suite name="Default suite" duration-ms="176788" started-at="2020-02-13T08:23:54Z" finished-at="2020-02-13T08:26:51Z">
    <groups>
    </groups>
    <test name="Default test" duration-ms="176788" started-at="2020-02-13T08:23:54Z" finished-at="2020-02-13T08:26:51Z">
      <class name="com.Newtourslog4j.Newtourslog4j">
        <test-method status="PASS" signature="Launch()[pri:0, instance:com.Newtourslog4j.Newtourslog4j@3ffc5af1]" name="Launch" is-config="true" duration-ms="94" started-at="2020-02-13T08:23:54Z" finished-at="2020-02-13T08:23:54Z">
          <reporter-output>
          </reporter-output>
        </test-method> <!-- Launch -->
        <test-method status="PASS" signature="Setup()[pri:0, instance:com.Newtourslog4j.Newtourslog4j@3ffc5af1]" name="Setup" is-config="true" duration-ms="17199" started-at="2020-02-13T08:23:54Z" finished-at="2020-02-13T08:24:12Z">
          <reporter-output>
          </reporter-output>
        </test-method> <!-- Setup -->
        <test-method status="PASS" signature="signon()[pri:0, instance:com.Newtourslog4j.Newtourslog4j@3ffc5af1]" name="signon" duration-ms="159553" started-at="2020-02-13T08:24:12Z" finished-at="2020-02-13T08:26:51Z">
          <reporter-output>
          </reporter-output>
        </test-method> <!-- signon -->
      </class> <!-- com.Newtourslog4j.Newtourslog4j -->
    </test> <!-- Default test -->
  </suite> <!-- Default suite -->
</testng-results>
