<?xml version="1.0" encoding="UTF-8"?>
<testng-results skipped="0" failed="0" ignored="0" total="3" passed="3">
  <reporter-output>
  </reporter-output>
  <suite name="Default suite" duration-ms="30738" started-at="2020-02-11T05:51:15Z" finished-at="2020-02-11T05:51:46Z">
    <groups>
    </groups>
    <test name="Default test" duration-ms="30738" started-at="2020-02-11T05:51:15Z" finished-at="2020-02-11T05:51:46Z">
      <class name="com.Newtours_testCases.NewToursTestCases">
        <test-method status="PASS" signature="Setup()[pri:0, instance:com.Newtours_testCases.NewToursTestCases@68c4039c]" name="Setup" is-config="true" duration-ms="8307" started-at="2020-02-11T05:51:15Z" finished-at="2020-02-11T05:51:24Z">
          <reporter-output>
          </reporter-output>
        </test-method> <!-- Setup -->
        <test-method status="PASS" signature="signon()[pri:1, instance:com.Newtours_testCases.NewToursTestCases@68c4039c]" name="signon" duration-ms="3053" started-at="2020-02-11T05:51:24Z" finished-at="2020-02-11T05:51:27Z">
          <reporter-output>
          </reporter-output>
        </test-method> <!-- signon -->
        <test-method status="PASS" signature="tearDown()[pri:0, instance:com.Newtours_testCases.NewToursTestCases@68c4039c]" name="tearDown" is-config="true" duration-ms="0" started-at="2020-02-11T05:51:27Z" finished-at="2020-02-11T05:51:27Z">
          <reporter-output>
          </reporter-output>
        </test-method> <!-- tearDown -->
        <test-method status="PASS" signature="Setup()[pri:0, instance:com.Newtours_testCases.NewToursTestCases@68c4039c]" name="Setup" is-config="true" duration-ms="7951" started-at="2020-02-11T05:51:27Z" finished-at="2020-02-11T05:51:35Z">
          <reporter-output>
          </reporter-output>
        </test-method> <!-- Setup -->
        <test-method status="PASS" signature="register()[pri:2, instance:com.Newtours_testCases.NewToursTestCases@68c4039c]" name="register" duration-ms="2447" started-at="2020-02-11T05:51:35Z" finished-at="2020-02-11T05:51:37Z">
          <reporter-output>
          </reporter-output>
        </test-method> <!-- register -->
        <test-method status="PASS" signature="tearDown()[pri:0, instance:com.Newtours_testCases.NewToursTestCases@68c4039c]" name="tearDown" is-config="true" duration-ms="0" started-at="2020-02-11T05:51:37Z" finished-at="2020-02-11T05:51:37Z">
          <reporter-output>
          </reporter-output>
        </test-method> <!-- tearDown -->
        <test-method status="PASS" signature="Setup()[pri:0, instance:com.Newtours_testCases.NewToursTestCases@68c4039c]" name="Setup" is-config="true" duration-ms="6842" started-at="2020-02-11T05:51:37Z" finished-at="2020-02-11T05:51:44Z">
          <reporter-output>
          </reporter-output>
        </test-method> <!-- Setup -->
        <test-method status="PASS" signature="findAFlightTest()[pri:3, instance:com.Newtours_testCases.NewToursTestCases@68c4039c]" name="findAFlightTest" duration-ms="2077" started-at="2020-02-11T05:51:44Z" finished-at="2020-02-11T05:51:46Z">
          <reporter-output>
          </reporter-output>
        </test-method> <!-- findAFlightTest -->
        <test-method status="PASS" signature="tearDown()[pri:0, instance:com.Newtours_testCases.NewToursTestCases@68c4039c]" name="tearDown" is-config="true" duration-ms="0" started-at="2020-02-11T05:51:46Z" finished-at="2020-02-11T05:51:46Z">
          <reporter-output>
          </reporter-output>
        </test-method> <!-- tearDown -->
      </class> <!-- com.Newtours_testCases.NewToursTestCases -->
    </test> <!-- Default test -->
  </suite> <!-- Default suite -->
</testng-results>
