<?xml version="1.0" encoding="UTF-8"?>
<!-- Generated by org.testng.reporters.JUnitXMLReporter -->
<testsuite hostname="DESKTOP-LIJFJFH" ignored="0" name="Login" tests="1" failures="1" timestamp="27 Jan 2020 06:18:28 GMT" time="13.793" errors="0">
  <testcase name="loginTest" time="6.44" classname="com.OHRMA.OrangeHRM_Login">
    <failure type="java.lang.NullPointerException">
      <![CDATA[java.lang.NullPointerException
at com.OHRMA.OrangeHRM_Login.loginTest(OrangeHRM_Login.java:103)
at java.util.concurrent.FutureTask.run(Unknown Source)
at java.util.concurrent.ThreadPoolExecutor.runWorker(Unknown Source)
at java.util.concurrent.ThreadPoolExecutor$Worker.run(Unknown Source)
at java.lang.Thread.run(Unknown Source)
... Removed 16 stack frames]]>
    </failure>
  </testcase> <!-- loginTest -->
</testsuite> <!-- Login -->
